<?xml version="1.0" encoding="UTF-8"?>
<!-- Generated by org.testng.reporters.JUnitXMLReporter -->
<testsuite hostname="CTD1010" ignored="0" name="Default test" tests="9" failures="0" timestamp="30 Sep 2020 12:20:09 GMT" time="23.683" errors="0">
  <testcase name="verifyExportTiTest" time="0.155" classname="com.qa.FraudShare.tests.DataExportTest"/>
  <testcase name="verifyDataExportTitleTest" time="0.011" classname="com.qa.FraudShare.tests.DataExportTest"/>
  <testcase name="verifyHeaderTest" time="1.173" classname="com.qa.FraudShare.tests.DataExportTest"/>
  <testcase name="verifyEIDTest" time="1.308" classname="com.qa.FraudShare.tests.DataExportTest"/>
  <testcase name="verifyETITest" time="1.292" classname="com.qa.FraudShare.tests.DataExportTest"/>
  <testcase name="verifyEIDdownload" time="0.877" classname="com.qa.FraudShare.tests.DataExportTest"/>
  <testcase name="verifyEIDdownload" time="0.862" classname="com.qa.FraudShare.tests.DataExportTest"/>
  <testcase name="backTest" time="0.061" classname="com.qa.FraudShare.tests.DataExportTest"/>
  <testcase name="verifyEIDwithInvalid" time="1.573" classname="com.qa.FraudShare.tests.DataExportTest"/>
</testsuite> <!-- Default test -->
