<?xml version="1.0" encoding="UTF-8"?>
<testng-results skipped="0" failed="1" ignored="0" total="7" passed="6">
  <reporter-output>
  </reporter-output>
  <suite name="Default suite" duration-ms="23190" started-at="2020-09-27T06:13:19Z" finished-at="2020-09-27T06:13:42Z">
    <groups>
    </groups>
    <test name="Default test" duration-ms="23190" started-at="2020-09-27T06:13:19Z" finished-at="2020-09-27T06:13:42Z">
      <class name="com.qa.FraudShare.tests.DataExportTest">
        <test-method status="PASS" signature="setup()[pri:0, instance:com.qa.FraudShare.tests.DataExportTest@146ba0ac]" name="setup" is-config="true" duration-ms="10739" started-at="2020-09-27T06:13:19Z" finished-at="2020-09-27T06:13:30Z">
          <reporter-output>
          </reporter-output>
        </test-method> <!-- setup -->
        <test-method status="PASS" signature="login()[pri:0, instance:com.qa.FraudShare.tests.DataExportTest@146ba0ac]" name="login" is-config="true" duration-ms="5727" started-at="2020-09-27T06:13:30Z" finished-at="2020-09-27T06:13:35Z">
          <reporter-output>
          </reporter-output>
        </test-method> <!-- login -->
        <test-method status="PASS" signature="verifyDataExportTitleTest()[pri:1, instance:com.qa.FraudShare.tests.DataExportTest@146ba0ac]" name="verifyDataExportTitleTest" duration-ms="12" started-at="2020-09-27T06:13:35Z" finished-at="2020-09-27T06:13:35Z">
          <reporter-output>
          </reporter-output>
        </test-method> <!-- verifyDataExportTitleTest -->
        <test-method status="PASS" signature="verifyHeaderTest()[pri:2, instance:com.qa.FraudShare.tests.DataExportTest@146ba0ac]" name="verifyHeaderTest" duration-ms="1206" started-at="2020-09-27T06:13:35Z" finished-at="2020-09-27T06:13:36Z">
          <reporter-output>
          </reporter-output>
        </test-method> <!-- verifyHeaderTest -->
        <test-method status="PASS" signature="verifyEIDTest()[pri:3, instance:com.qa.FraudShare.tests.DataExportTest@146ba0ac]" name="verifyEIDTest" duration-ms="1367" started-at="2020-09-27T06:13:36Z" finished-at="2020-09-27T06:13:38Z">
          <reporter-output>
          </reporter-output>
        </test-method> <!-- verifyEIDTest -->
        <test-method status="PASS" signature="verifyETITest()[pri:4, instance:com.qa.FraudShare.tests.DataExportTest@146ba0ac]" name="verifyETITest" duration-ms="1282" started-at="2020-09-27T06:13:38Z" finished-at="2020-09-27T06:13:39Z">
          <reporter-output>
          </reporter-output>
        </test-method> <!-- verifyETITest -->
        <test-method status="PASS" signature="verifyEIDdownload(java.lang.String, java.lang.String)[pri:5, instance:com.qa.FraudShare.tests.DataExportTest@146ba0ac]" name="verifyEIDdownload" duration-ms="820" started-at="2020-09-27T06:13:40Z" data-provider="getExportIncidentsData" finished-at="2020-09-27T06:13:40Z">
          <params>
            <param index="0">
              <value>
                <![CDATA[12-Sep-2013]]>
              </value>
            </param>
            <param index="1">
              <value>
                <![CDATA[12-Sep-2019]]>
              </value>
            </param>
          </params>
          <reporter-output>
          </reporter-output>
        </test-method> <!-- verifyEIDdownload -->
        <test-method status="PASS" signature="verifyEIDdownload(java.lang.String, java.lang.String)[pri:5, instance:com.qa.FraudShare.tests.DataExportTest@146ba0ac]" name="verifyEIDdownload" duration-ms="969" started-at="2020-09-27T06:13:40Z" data-provider="getExportIncidentsData" finished-at="2020-09-27T06:13:41Z">
          <params>
            <param index="0">
              <value>
                <![CDATA[10/19/218]]>
              </value>
            </param>
            <param index="1">
              <value>
                <![CDATA[10/12/218]]>
              </value>
            </param>
          </params>
          <reporter-output>
          </reporter-output>
        </test-method> <!-- verifyEIDdownload -->
        <test-method status="FAIL" signature="verifyEIDwithInvalid()[pri:6, instance:com.qa.FraudShare.tests.DataExportTest@146ba0ac]" name="verifyEIDwithInvalid" duration-ms="16" started-at="2020-09-27T06:13:41Z" finished-at="2020-09-27T06:13:41Z">
          <exception class="org.openqa.selenium.JavascriptException">
            <message>
              <![CDATA[javascript error: Cannot set property 'value' of null
  (Session info: chrome=76.0.3809.100)
Build info: version: '3.141.59', revision: 'e82be7d358', time: '2018-11-14T08:17:03'
System info: host: 'CTD1010', ip: '172.23.6.26', os.name: 'Windows 10', os.arch: 'amd64', os.version: '10.0', java.version: '1.8.0_251'
Driver info: org.openqa.selenium.chrome.ChromeDriver
Capabilities {acceptInsecureCerts: false, browserName: chrome, browserVersion: 76.0.3809.100, chrome: {chromedriverVersion: 76.0.3809.126 (d80a294506b4..., userDataDir: C:\Users\rperabat\AppData\L...}, goog:chromeOptions: {debuggerAddress: localhost:52452}, javascriptEnabled: true, networkConnectionEnabled: false, pageLoadStrategy: normal, platform: XP, platformName: XP, proxy: Proxy(), setWindowRect: true, strictFileInteractability: false, timeouts: {implicit: 0, pageLoad: 300000, script: 30000}, unhandledPromptBehavior: dismiss and notify}
Session ID: 6a7f872985eca448226bd96a47300cf8]]>
            </message>
            <full-stacktrace>
              <![CDATA[org.openqa.selenium.JavascriptException: javascript error: Cannot set property 'value' of null
  (Session info: chrome=76.0.3809.100)
Build info: version: '3.141.59', revision: 'e82be7d358', time: '2018-11-14T08:17:03'
System info: host: 'CTD1010', ip: '172.23.6.26', os.name: 'Windows 10', os.arch: 'amd64', os.version: '10.0', java.version: '1.8.0_251'
Driver info: org.openqa.selenium.chrome.ChromeDriver
Capabilities {acceptInsecureCerts: false, browserName: chrome, browserVersion: 76.0.3809.100, chrome: {chromedriverVersion: 76.0.3809.126 (d80a294506b4..., userDataDir: C:\Users\rperabat\AppData\L...}, goog:chromeOptions: {debuggerAddress: localhost:52452}, javascriptEnabled: true, networkConnectionEnabled: false, pageLoadStrategy: normal, platform: XP, platformName: XP, proxy: Proxy(), setWindowRect: true, strictFileInteractability: false, timeouts: {implicit: 0, pageLoad: 300000, script: 30000}, unhandledPromptBehavior: dismiss and notify}
Session ID: 6a7f872985eca448226bd96a47300cf8
at sun.reflect.NativeConstructorAccessorImpl.newInstance0(Native Method)
at sun.reflect.NativeConstructorAccessorImpl.newInstance(Unknown Source)
at sun.reflect.DelegatingConstructorAccessorImpl.newInstance(Unknown Source)
at java.lang.reflect.Constructor.newInstance(Unknown Source)
at org.openqa.selenium.remote.http.W3CHttpResponseCodec.createException(W3CHttpResponseCodec.java:187)
at org.openqa.selenium.remote.http.W3CHttpResponseCodec.decode(W3CHttpResponseCodec.java:122)
at org.openqa.selenium.remote.http.W3CHttpResponseCodec.decode(W3CHttpResponseCodec.java:49)
at org.openqa.selenium.remote.HttpCommandExecutor.execute(HttpCommandExecutor.java:158)
at org.openqa.selenium.remote.service.DriverCommandExecutor.execute(DriverCommandExecutor.java:83)
at org.openqa.selenium.remote.RemoteWebDriver.execute(RemoteWebDriver.java:552)
at org.openqa.selenium.remote.RemoteWebDriver.executeScript(RemoteWebDriver.java:489)
at com.qa.FraudShare.utils.JavaScriptUtils.sendKeysByJs(JavaScriptUtils.java:78)
at com.qa.FraudShare.pages.DataExport.downloadEIDReportwithInvalidDates(DataExport.java:74)
at com.qa.FraudShare.tests.DataExportTest.verifyEIDwithInvalid(DataExportTest.java:89)
at sun.reflect.NativeMethodAccessorImpl.invoke0(Native Method)
at sun.reflect.NativeMethodAccessorImpl.invoke(Unknown Source)
at sun.reflect.DelegatingMethodAccessorImpl.invoke(Unknown Source)
at java.lang.reflect.Method.invoke(Unknown Source)
at org.testng.internal.MethodInvocationHelper.invokeMethod(MethodInvocationHelper.java:124)
at org.testng.internal.Invoker.invokeMethod(Invoker.java:583)
at org.testng.internal.Invoker.invokeTestMethod(Invoker.java:719)
at org.testng.internal.Invoker.invokeTestMethods(Invoker.java:989)
at org.testng.internal.TestMethodWorker.invokeTestMethods(TestMethodWorker.java:125)
at org.testng.internal.TestMethodWorker.run(TestMethodWorker.java:109)
at org.testng.TestRunner.privateRun(TestRunner.java:648)
at org.testng.TestRunner.run(TestRunner.java:505)
at org.testng.SuiteRunner.runTest(SuiteRunner.java:455)
at org.testng.SuiteRunner.runSequentially(SuiteRunner.java:450)
at org.testng.SuiteRunner.privateRun(SuiteRunner.java:415)
at org.testng.SuiteRunner.run(SuiteRunner.java:364)
at org.testng.SuiteRunnerWorker.runSuite(SuiteRunnerWorker.java:52)
at org.testng.SuiteRunnerWorker.run(SuiteRunnerWorker.java:84)
at org.testng.TestNG.runSuitesSequentially(TestNG.java:1208)
at org.testng.TestNG.runSuitesLocally(TestNG.java:1137)
at org.testng.TestNG.runSuites(TestNG.java:1049)
at org.testng.TestNG.run(TestNG.java:1017)
at org.testng.remote.AbstractRemoteTestNG.run(AbstractRemoteTestNG.java:132)
at org.testng.remote.RemoteTestNG.initAndRun(RemoteTestNG.java:236)
at org.testng.remote.RemoteTestNG.main(RemoteTestNG.java:81)
]]>
            </full-stacktrace>
          </exception> <!-- org.openqa.selenium.JavascriptException -->
          <reporter-output>
          </reporter-output>
        </test-method> <!-- verifyEIDwithInvalid -->
        <test-method status="PASS" signature="teardown()[pri:0, instance:com.qa.FraudShare.tests.DataExportTest@146ba0ac]" name="teardown" is-config="true" duration-ms="627" started-at="2020-09-27T06:13:41Z" finished-at="2020-09-27T06:13:42Z">
          <reporter-output>
          </reporter-output>
        </test-method> <!-- teardown -->
      </class> <!-- com.qa.FraudShare.tests.DataExportTest -->
    </test> <!-- Default test -->
  </suite> <!-- Default suite -->
</testng-results>
