<?xml version="1.0" encoding="UTF-8"?>
<testng-results skipped="0" failed="0" ignored="6" total="7" passed="1">
  <reporter-output>
  </reporter-output>
  <suite name="Default suite" duration-ms="15432" started-at="2020-09-25T17:26:24Z" finished-at="2020-09-25T17:26:39Z">
    <groups>
    </groups>
    <test name="Default test" duration-ms="15432" started-at="2020-09-25T17:26:24Z" finished-at="2020-09-25T17:26:39Z">
      <class name="com.qa.FraudShare.tests.IncidentSubmissionTest">
        <test-method status="PASS" signature="setUp()[pri:0, instance:com.qa.FraudShare.tests.IncidentSubmissionTest@13deb50e]" name="setUp" is-config="true" duration-ms="10665" started-at="2020-09-25T17:26:24Z" finished-at="2020-09-25T17:26:35Z">
          <reporter-output>
          </reporter-output>
        </test-method> <!-- setUp -->
        <test-method status="PASS" signature="IncidentSubmissionPageSetUp()[pri:0, instance:com.qa.FraudShare.tests.IncidentSubmissionTest@13deb50e]" name="IncidentSubmissionPageSetUp" is-config="true" duration-ms="4718" started-at="2020-09-25T17:26:35Z" finished-at="2020-09-25T17:26:39Z">
          <reporter-output>
          </reporter-output>
        </test-method> <!-- IncidentSubmissionPageSetUp -->
        <test-method status="PASS" signature="verifyProductLineTest()[pri:4, instance:com.qa.FraudShare.tests.IncidentSubmissionTest@13deb50e]" name="verifyProductLineTest" duration-ms="36" started-at="2020-09-25T17:26:39Z" finished-at="2020-09-25T17:26:39Z">
          <reporter-output>
          </reporter-output>
        </test-method> <!-- verifyProductLineTest -->
      </class> <!-- com.qa.FraudShare.tests.IncidentSubmissionTest -->
    </test> <!-- Default test -->
  </suite> <!-- Default suite -->
</testng-results>
